0 info it worked if it ends with ok
1 verbose cli [ 'C:\\Program Files\\nodejs\\node.exe',
1 verbose cli   'C:\\Users\\Levon\\AppData\\Roaming\\npm\\node_modules\\npm\\bin\\npm-cli.js',
1 verbose cli   'start' ]
2 info using npm@3.10.3
3 info using node@v4.4.7
4 verbose run-script [ 'prestart', 'start', 'poststart' ]
5 info lifecycle react-calendar@1.1.0~prestart: react-calendar@1.1.0
6 silly lifecycle react-calendar@1.1.0~prestart: no script for prestart, continuing
7 info lifecycle react-calendar@1.1.0~start: react-calendar@1.1.0
8 verbose lifecycle react-calendar@1.1.0~start: unsafe-perm in lifecycle true
9 verbose lifecycle react-calendar@1.1.0~start: PATH: C:\Users\Levon\AppData\Roaming\npm\node_modules\npm\bin\node-gyp-bin;C:\Users\Levon\Desktop\ASEP\App\node_modules\.bin;C:\Program Files\nodejs;C:\Python27\;C:\Python27\Scripts;C:\Program Files (x86)\Python35-32\;C:\Windows\system32;C:\Windows;C:\Windows\System32\Wbem;C:\Windows\System32\WindowsPowerShell\v1.0\;C:\Program Files (x86)\Skype\Phone\;C:\Users\Levon\AppData\Local\Programs\Python\Python35-32\;C:\Users\Levon\.dnx\bin;C:\Program Files\Microsoft DNX\Dnvm\;C:\ProgramData\chocolatey\bin;C:\Program Files\Java\jdk1.8.0_92\bin;C:\Program Files\nodejs\;C:\Program Files\Microsoft SQL Server\110\Tools\Binn\;C:\Program Files (x86)\Microsoft SDKs\TypeScript\1.0\;C:\Program Files\Microsoft SQL Server\120\Tools\Binn\;C:\Program Files (x86)\Windows Kits\10\Windows Performance Toolkit\;C:\Program Files (x86)\Python35-32;C:\Program Files (x86)\Python35-32\Lib\;C:\Users\Levon\AppData\Roaming\npm
10 verbose lifecycle react-calendar@1.1.0~start: CWD: C:\Users\Levon\Desktop\ASEP\App
11 silly lifecycle react-calendar@1.1.0~start: Args: [ '/d /s /c',
11 silly lifecycle   'REACT_CALENDAR_WEBPACK=server webpack-dev-server -d --entry ./modest.js --hot --progress --colors --inline' ]
12 silly lifecycle react-calendar@1.1.0~start: Returned: code: 1  signal: null
13 info lifecycle react-calendar@1.1.0~start: Failed to exec start script
14 verbose stack Error: react-calendar@1.1.0 start: `REACT_CALENDAR_WEBPACK=server webpack-dev-server -d --entry ./modest.js --hot --progress --colors --inline`
14 verbose stack Exit status 1
14 verbose stack     at EventEmitter.<anonymous> (C:\Users\Levon\AppData\Roaming\npm\node_modules\npm\lib\utils\lifecycle.js:242:16)
14 verbose stack     at emitTwo (events.js:87:13)
14 verbose stack     at EventEmitter.emit (events.js:172:7)
14 verbose stack     at ChildProcess.<anonymous> (C:\Users\Levon\AppData\Roaming\npm\node_modules\npm\lib\utils\spawn.js:40:14)
14 verbose stack     at emitTwo (events.js:87:13)
14 verbose stack     at ChildProcess.emit (events.js:172:7)
14 verbose stack     at maybeClose (internal/child_process.js:827:16)
14 verbose stack     at Process.ChildProcess._handle.onexit (internal/child_process.js:211:5)
15 verbose pkgid react-calendar@1.1.0
16 verbose cwd C:\Users\Levon\Desktop\ASEP\App
17 error Windows_NT 6.1.7601
18 error argv "C:\\Program Files\\nodejs\\node.exe" "C:\\Users\\Levon\\AppData\\Roaming\\npm\\node_modules\\npm\\bin\\npm-cli.js" "start"
19 error node v4.4.7
20 error npm  v3.10.3
21 error code ELIFECYCLE
22 error react-calendar@1.1.0 start: `REACT_CALENDAR_WEBPACK=server webpack-dev-server -d --entry ./modest.js --hot --progress --colors --inline`
22 error Exit status 1
23 error Failed at the react-calendar@1.1.0 start script 'REACT_CALENDAR_WEBPACK=server webpack-dev-server -d --entry ./modest.js --hot --progress --colors --inline'.
23 error Make sure you have the latest version of node.js and npm installed.
23 error If you do, this is most likely a problem with the react-calendar package,
23 error not with npm itself.
23 error Tell the author that this fails on your system:
23 error     REACT_CALENDAR_WEBPACK=server webpack-dev-server -d --entry ./modest.js --hot --progress --colors --inline
23 error You can get information on how to open an issue for this project with:
23 error     npm bugs react-calendar
23 error Or if that isn't available, you can get their info via:
23 error     npm owner ls react-calendar
23 error There is likely additional logging output above.
24 verbose exit [ 1, true ]
